CRITICAL - 2023-02-01 20:27:21 --> Undefined variable $jenjang
in APPPATH\Models\DataModelProgram.php on line 28.
 1 APPPATH\Models\DataModelProgram.php(28): CodeIgniter\Debug\Exceptions->errorHandler(2, 'Undefined variable $jenjang', 'APPPATH\\Models\\DataModelProgram.php', 28)
 2 APPPATH\Controllers\Home.php(88): App\Models\DataModelProgram->getWilayah('PIP', 2020, '000000', 0)
 3 SYSTEMPATH\CodeIgniter.php(904): App\Controllers\Home->integrasi()
 4 SYSTEMPATH\CodeIgniter.php(457): CodeIgniter\CodeIgniter->runController(Object(App\Controllers\Home))
 5 SYSTEMPATH\CodeIgniter.php(340): CodeIgniter\CodeIgniter->handleRequest(null, Object(Config\Cache), false)
 6 FCPATH\index.php(55): CodeIgniter\CodeIgniter->run()
ERROR - 2023-02-01 20:29:21 --> [Microsoft][ODBC Driver 17 for SQL Server][SQL Server]Incorrect syntax near ':'.
CRITICAL - 2023-02-01 20:29:21 --> [Microsoft][ODBC Driver 17 for SQL Server][SQL Server]Incorrect syntax near ':'.
in SYSTEMPATH\Database\SQLSRV\Connection.php on line 467.
 1 SYSTEMPATH\Database\BaseConnection.php(693): CodeIgniter\Database\SQLSRV\Connection->execute('EXEC PIP.dbo.getPIP_Wilayah 2020, :kode:, 0')
 2 SYSTEMPATH\Database\BaseConnection.php(620): CodeIgniter\Database\BaseConnection->simpleQuery('EXEC PIP.dbo.getPIP_Wilayah 2020, :kode:, 0')
 3 APPPATH\Models\DataModelProgram.php(29): CodeIgniter\Database\BaseConnection->query('EXEC PIP.dbo.getPIP_Wilayah :tahun:, :kode:, :level:', [...])
 4 APPPATH\Controllers\Home.php(88): App\Models\DataModelProgram->getWilayah('PIP', 2020, '000000', 0)
 5 SYSTEMPATH\CodeIgniter.php(904): App\Controllers\Home->integrasi()
 6 SYSTEMPATH\CodeIgniter.php(457): CodeIgniter\CodeIgniter->runController(Object(App\Controllers\Home))
 7 SYSTEMPATH\CodeIgniter.php(340): CodeIgniter\CodeIgniter->handleRequest(null, Object(Config\Cache), false)
 8 FCPATH\index.php(55): CodeIgniter\CodeIgniter->run()
ERROR - 2023-02-01 20:30:04 --> [Microsoft][ODBC Driver 17 for SQL Server][SQL Server]Incorrect syntax near ':'.
CRITICAL - 2023-02-01 20:30:04 --> [Microsoft][ODBC Driver 17 for SQL Server][SQL Server]Incorrect syntax near ':'.
in SYSTEMPATH\Database\SQLSRV\Connection.php on line 467.
 1 SYSTEMPATH\Database\BaseConnection.php(693): CodeIgniter\Database\SQLSRV\Connection->execute('EXEC PIP.dbo.getPIP_Wilayah 2020, :kode:, 0')
 2 SYSTEMPATH\Database\BaseConnection.php(620): CodeIgniter\Database\BaseConnection->simpleQuery('EXEC PIP.dbo.getPIP_Wilayah 2020, :kode:, 0')
 3 APPPATH\Models\DataModelProgram.php(29): CodeIgniter\Database\BaseConnection->query('EXEC PIP.dbo.getPIP_Wilayah :tahun:, :kode:, :level:', [...])
 4 APPPATH\Controllers\Home.php(88): App\Models\DataModelProgram->getWilayah('PIP', 2020, '000000', 0)
 5 SYSTEMPATH\CodeIgniter.php(904): App\Controllers\Home->integrasi()
 6 SYSTEMPATH\CodeIgniter.php(457): CodeIgniter\CodeIgniter->runController(Object(App\Controllers\Home))
 7 SYSTEMPATH\CodeIgniter.php(340): CodeIgniter\CodeIgniter->handleRequest(null, Object(Config\Cache), false)
 8 FCPATH\index.php(55): CodeIgniter\CodeIgniter->run()
ERROR - 2023-02-01 21:05:11 --> [Microsoft][ODBC Driver 17 for SQL Server][SQL Server]Incorrect syntax near ':'.
CRITICAL - 2023-02-01 21:05:11 --> [Microsoft][ODBC Driver 17 for SQL Server][SQL Server]Incorrect syntax near ':'.
in SYSTEMPATH\Database\SQLSRV\Connection.php on line 467.
 1 SYSTEMPATH\Database\BaseConnection.php(693): CodeIgniter\Database\SQLSRV\Connection->execute('EXEC PIP.dbo.getPIP_Wilayah 2020, :kode:, 0')
 2 SYSTEMPATH\Database\BaseConnection.php(620): CodeIgniter\Database\BaseConnection->simpleQuery('EXEC PIP.dbo.getPIP_Wilayah 2020, :kode:, 0')
 3 APPPATH\Models\DataModelProgram.php(31): CodeIgniter\Database\BaseConnection->query('EXEC PIP.dbo.getPIP_Wilayah :tahun:, :kode:, :level:', [...])
 4 APPPATH\Controllers\Home.php(88): App\Models\DataModelProgram->getWilayah('PIP', 2020, '000000', 0)
 5 SYSTEMPATH\CodeIgniter.php(904): App\Controllers\Home->integrasi()
 6 SYSTEMPATH\CodeIgniter.php(457): CodeIgniter\CodeIgniter->runController(Object(App\Controllers\Home))
 7 SYSTEMPATH\CodeIgniter.php(340): CodeIgniter\CodeIgniter->handleRequest(null, Object(Config\Cache), false)
 8 FCPATH\index.php(55): CodeIgniter\CodeIgniter->run()
ERROR - 2023-02-01 21:07:09 --> [Microsoft][ODBC Driver 17 for SQL Server][SQL Server]Incorrect syntax near ':'.
CRITICAL - 2023-02-01 21:07:09 --> [Microsoft][ODBC Driver 17 for SQL Server][SQL Server]Incorrect syntax near ':'.
in SYSTEMPATH\Database\SQLSRV\Connection.php on line 467.
 1 SYSTEMPATH\Database\BaseConnection.php(693): CodeIgniter\Database\SQLSRV\Connection->execute('EXEC PIP.dbo.getPIP_Wilayah 2020, :kode:, 0')
 2 SYSTEMPATH\Database\BaseConnection.php(620): CodeIgniter\Database\BaseConnection->simpleQuery('EXEC PIP.dbo.getPIP_Wilayah 2020, :kode:, 0')
 3 APPPATH\Models\DataModelProgram.php(31): CodeIgniter\Database\BaseConnection->query('EXEC PIP.dbo.getPIP_Wilayah :tahun:, :kode:, :level:', [...])
 4 APPPATH\Controllers\Home.php(88): App\Models\DataModelProgram->getWilayah('PIP', 2020, '000000', 0)
 5 SYSTEMPATH\CodeIgniter.php(904): App\Controllers\Home->integrasi()
 6 SYSTEMPATH\CodeIgniter.php(457): CodeIgniter\CodeIgniter->runController(Object(App\Controllers\Home))
 7 SYSTEMPATH\CodeIgniter.php(340): CodeIgniter\CodeIgniter->handleRequest(null, Object(Config\Cache), false)
 8 FCPATH\index.php(55): CodeIgniter\CodeIgniter->run()
CRITICAL - 2023-02-01 21:47:27 --> You must set the database table to be used with your query.
in SYSTEMPATH\Database\BaseConnection.php on line 872.
 1 SYSTEMPATH\Model.php(587): CodeIgniter\Database\BaseConnection->table(null)
 2 SYSTEMPATH\Model.php(764): CodeIgniter\Model->builder()
 3 APPPATH\Controllers\Home.php(90): CodeIgniter\Model->__call('getKolomTabel', [...])
 4 SYSTEMPATH\CodeIgniter.php(904): App\Controllers\Home->integrasi()
 5 SYSTEMPATH\CodeIgniter.php(457): CodeIgniter\CodeIgniter->runController(Object(App\Controllers\Home))
 6 SYSTEMPATH\CodeIgniter.php(340): CodeIgniter\CodeIgniter->handleRequest(null, Object(Config\Cache), false)
 7 FCPATH\index.php(55): CodeIgniter\CodeIgniter->run()
CRITICAL - 2023-02-01 21:57:16 --> syntax error, unexpected token "}", expecting "," or ";"
in APPPATH\Views\data_nasional.php on line 97.
 1 SYSTEMPATH\View\View.php(213): include()
 2 SYSTEMPATH\View\View.php(216): CodeIgniter\View\View->CodeIgniter\View\{closure}()
 3 SYSTEMPATH\Common.php(1142): CodeIgniter\View\View->render('konten', [], true)
 4 APPPATH\Controllers\Home.php(107): view('konten', [...])
 5 SYSTEMPATH\CodeIgniter.php(904): App\Controllers\Home->integrasi()
 6 SYSTEMPATH\CodeIgniter.php(457): CodeIgniter\CodeIgniter->runController(Object(App\Controllers\Home))
 7 SYSTEMPATH\CodeIgniter.php(340): CodeIgniter\CodeIgniter->handleRequest(null, Object(Config\Cache), false)
 8 FCPATH\index.php(55): CodeIgniter\CodeIgniter->run()
CRITICAL - 2023-02-01 21:57:30 --> Attempt to read property "jumlah_kolom" on string
in APPPATH\Views\data_nasional.php on line 94.
 1 APPPATH\Views\data_nasional.php(94): CodeIgniter\Debug\Exceptions->errorHandler(2, 'Attempt to read property "jumlah_kolom" on string', 'APPPATH\\Views\\data_nasional.php', 94)
 2 APPPATH\Views\konten.php(29): include('APPPATH\\Views\\data_nasional.php')
 3 SYSTEMPATH\View\View.php(213): include('APPPATH\\Views\\konten.php')
 4 SYSTEMPATH\View\View.php(216): CodeIgniter\View\View->CodeIgniter\View\{closure}()
 5 SYSTEMPATH\Common.php(1142): CodeIgniter\View\View->render('konten', [], true)
 6 APPPATH\Controllers\Home.php(107): view('konten', [...])
 7 SYSTEMPATH\CodeIgniter.php(904): App\Controllers\Home->integrasi()
 8 SYSTEMPATH\CodeIgniter.php(457): CodeIgniter\CodeIgniter->runController(Object(App\Controllers\Home))
 9 SYSTEMPATH\CodeIgniter.php(340): CodeIgniter\CodeIgniter->handleRequest(null, Object(Config\Cache), false)
10 FCPATH\index.php(55): CodeIgniter\CodeIgniter->run()
CRITICAL - 2023-02-01 21:59:38 --> Attempt to read property "kolom1" on string
in APPPATH\Views\data_nasional.php on line 96.
 1 APPPATH\Views\data_nasional.php(96): CodeIgniter\Debug\Exceptions->errorHandler(2, 'Attempt to read property "kolom1" on string', 'APPPATH\\Views\\data_nasional.php', 96)
 2 APPPATH\Views\konten.php(29): include('APPPATH\\Views\\data_nasional.php')
 3 SYSTEMPATH\View\View.php(213): include('APPPATH\\Views\\konten.php')
 4 SYSTEMPATH\View\View.php(216): CodeIgniter\View\View->CodeIgniter\View\{closure}()
 5 SYSTEMPATH\Common.php(1142): CodeIgniter\View\View->render('konten', [], true)
 6 APPPATH\Controllers\Home.php(107): view('konten', [...])
 7 SYSTEMPATH\CodeIgniter.php(904): App\Controllers\Home->integrasi()
 8 SYSTEMPATH\CodeIgniter.php(457): CodeIgniter\CodeIgniter->runController(Object(App\Controllers\Home))
 9 SYSTEMPATH\CodeIgniter.php(340): CodeIgniter\CodeIgniter->handleRequest(null, Object(Config\Cache), false)
10 FCPATH\index.php(55): CodeIgniter\CodeIgniter->run()
CRITICAL - 2023-02-01 22:00:46 --> Attempt to read property "kolom1" on string
in APPPATH\Views\data_nasional.php on line 96.
 1 APPPATH\Views\data_nasional.php(96): CodeIgniter\Debug\Exceptions->errorHandler(2, 'Attempt to read property "kolom1" on string', 'APPPATH\\Views\\data_nasional.php', 96)
 2 APPPATH\Views\konten.php(29): include('APPPATH\\Views\\data_nasional.php')
 3 SYSTEMPATH\View\View.php(213): include('APPPATH\\Views\\konten.php')
 4 SYSTEMPATH\View\View.php(216): CodeIgniter\View\View->CodeIgniter\View\{closure}()
 5 SYSTEMPATH\Common.php(1142): CodeIgniter\View\View->render('konten', [], true)
 6 APPPATH\Controllers\Home.php(107): view('konten', [...])
 7 SYSTEMPATH\CodeIgniter.php(904): App\Controllers\Home->integrasi()
 8 SYSTEMPATH\CodeIgniter.php(457): CodeIgniter\CodeIgniter->runController(Object(App\Controllers\Home))
 9 SYSTEMPATH\CodeIgniter.php(340): CodeIgniter\CodeIgniter->handleRequest(null, Object(Config\Cache), false)
10 FCPATH\index.php(55): CodeIgniter\CodeIgniter->run()
CRITICAL - 2023-02-01 22:01:41 --> Attempt to read property "kolom1" on string
in APPPATH\Views\data_nasional.php on line 96.
 1 APPPATH\Views\data_nasional.php(96): CodeIgniter\Debug\Exceptions->errorHandler(2, 'Attempt to read property "kolom1" on string', 'APPPATH\\Views\\data_nasional.php', 96)
 2 APPPATH\Views\konten.php(29): include('APPPATH\\Views\\data_nasional.php')
 3 SYSTEMPATH\View\View.php(213): include('APPPATH\\Views\\konten.php')
 4 SYSTEMPATH\View\View.php(216): CodeIgniter\View\View->CodeIgniter\View\{closure}()
 5 SYSTEMPATH\Common.php(1142): CodeIgniter\View\View->render('konten', [], true)
 6 APPPATH\Controllers\Home.php(107): view('konten', [...])
 7 SYSTEMPATH\CodeIgniter.php(904): App\Controllers\Home->integrasi()
 8 SYSTEMPATH\CodeIgniter.php(457): CodeIgniter\CodeIgniter->runController(Object(App\Controllers\Home))
 9 SYSTEMPATH\CodeIgniter.php(340): CodeIgniter\CodeIgniter->handleRequest(null, Object(Config\Cache), false)
10 FCPATH\index.php(55): CodeIgniter\CodeIgniter->run()
CRITICAL - 2023-02-01 22:02:37 --> Attempt to read property "kolom1" on string
in APPPATH\Views\data_nasional.php on line 97.
 1 APPPATH\Views\data_nasional.php(97): CodeIgniter\Debug\Exceptions->errorHandler(2, 'Attempt to read property "kolom1" on string', 'APPPATH\\Views\\data_nasional.php', 97)
 2 APPPATH\Views\konten.php(29): include('APPPATH\\Views\\data_nasional.php')
 3 SYSTEMPATH\View\View.php(213): include('APPPATH\\Views\\konten.php')
 4 SYSTEMPATH\View\View.php(216): CodeIgniter\View\View->CodeIgniter\View\{closure}()
 5 SYSTEMPATH\Common.php(1142): CodeIgniter\View\View->render('konten', [], true)
 6 APPPATH\Controllers\Home.php(107): view('konten', [...])
 7 SYSTEMPATH\CodeIgniter.php(904): App\Controllers\Home->integrasi()
 8 SYSTEMPATH\CodeIgniter.php(457): CodeIgniter\CodeIgniter->runController(Object(App\Controllers\Home))
 9 SYSTEMPATH\CodeIgniter.php(340): CodeIgniter\CodeIgniter->handleRequest(null, Object(Config\Cache), false)
10 FCPATH\index.php(55): CodeIgniter\CodeIgniter->run()
CRITICAL - 2023-02-01 22:04:12 --> Attempt to read property "jumlah_kolom" on string
in APPPATH\Views\data_nasional.php on line 94.
 1 APPPATH\Views\data_nasional.php(94): CodeIgniter\Debug\Exceptions->errorHandler(2, 'Attempt to read property "jumlah_kolom" on string', 'APPPATH\\Views\\data_nasional.php', 94)
 2 APPPATH\Views\konten.php(29): include('APPPATH\\Views\\data_nasional.php')
 3 SYSTEMPATH\View\View.php(213): include('APPPATH\\Views\\konten.php')
 4 SYSTEMPATH\View\View.php(216): CodeIgniter\View\View->CodeIgniter\View\{closure}()
 5 SYSTEMPATH\Common.php(1142): CodeIgniter\View\View->render('konten', [], true)
 6 APPPATH\Controllers\Home.php(107): view('konten', [...])
 7 SYSTEMPATH\CodeIgniter.php(904): App\Controllers\Home->integrasi()
 8 SYSTEMPATH\CodeIgniter.php(457): CodeIgniter\CodeIgniter->runController(Object(App\Controllers\Home))
 9 SYSTEMPATH\CodeIgniter.php(340): CodeIgniter\CodeIgniter->handleRequest(null, Object(Config\Cache), false)
10 FCPATH\index.php(55): CodeIgniter\CodeIgniter->run()
CRITICAL - 2023-02-01 22:05:08 --> Undefined variable $value
in APPPATH\Views\data_nasional.php on line 96.
 1 APPPATH\Views\data_nasional.php(96): CodeIgniter\Debug\Exceptions->errorHandler(2, 'Undefined variable $value', 'APPPATH\\Views\\data_nasional.php', 96)
 2 APPPATH\Views\konten.php(29): include('APPPATH\\Views\\data_nasional.php')
 3 SYSTEMPATH\View\View.php(213): include('APPPATH\\Views\\konten.php')
 4 SYSTEMPATH\View\View.php(216): CodeIgniter\View\View->CodeIgniter\View\{closure}()
 5 SYSTEMPATH\Common.php(1142): CodeIgniter\View\View->render('konten', [], true)
 6 APPPATH\Controllers\Home.php(107): view('konten', [...])
 7 SYSTEMPATH\CodeIgniter.php(904): App\Controllers\Home->integrasi()
 8 SYSTEMPATH\CodeIgniter.php(457): CodeIgniter\CodeIgniter->runController(Object(App\Controllers\Home))
 9 SYSTEMPATH\CodeIgniter.php(340): CodeIgniter\CodeIgniter->handleRequest(null, Object(Config\Cache), false)
10 FCPATH\index.php(55): CodeIgniter\CodeIgniter->run()
CRITICAL - 2023-02-01 22:11:15 --> Undefined property: stdClass::$kolom1
in APPPATH\Views\data_nasional.php on line 120.
 1 APPPATH\Views\data_nasional.php(120): CodeIgniter\Debug\Exceptions->errorHandler(2, 'Undefined property: stdClass::$kolom1', 'APPPATH\\Views\\data_nasional.php', 120)
 2 APPPATH\Views\konten.php(29): include('APPPATH\\Views\\data_nasional.php')
 3 SYSTEMPATH\View\View.php(213): include('APPPATH\\Views\\konten.php')
 4 SYSTEMPATH\View\View.php(216): CodeIgniter\View\View->CodeIgniter\View\{closure}()
 5 SYSTEMPATH\Common.php(1142): CodeIgniter\View\View->render('konten', [], true)
 6 APPPATH\Controllers\Home.php(107): view('konten', [...])
 7 SYSTEMPATH\CodeIgniter.php(904): App\Controllers\Home->integrasi()
 8 SYSTEMPATH\CodeIgniter.php(457): CodeIgniter\CodeIgniter->runController(Object(App\Controllers\Home))
 9 SYSTEMPATH\CodeIgniter.php(340): CodeIgniter\CodeIgniter->handleRequest(null, Object(Config\Cache), false)
10 FCPATH\index.php(55): CodeIgniter\CodeIgniter->run()
CRITICAL - 2023-02-01 22:12:01 --> Undefined property: stdClass::$SD
in APPPATH\Views\data_nasional.php on line 120.
 1 APPPATH\Views\data_nasional.php(120): CodeIgniter\Debug\Exceptions->errorHandler(2, 'Undefined property: stdClass::$SD', 'APPPATH\\Views\\data_nasional.php', 120)
 2 APPPATH\Views\konten.php(29): include('APPPATH\\Views\\data_nasional.php')
 3 SYSTEMPATH\View\View.php(213): include('APPPATH\\Views\\konten.php')
 4 SYSTEMPATH\View\View.php(216): CodeIgniter\View\View->CodeIgniter\View\{closure}()
 5 SYSTEMPATH\Common.php(1142): CodeIgniter\View\View->render('konten', [], true)
 6 APPPATH\Controllers\Home.php(107): view('konten', [...])
 7 SYSTEMPATH\CodeIgniter.php(904): App\Controllers\Home->integrasi()
 8 SYSTEMPATH\CodeIgniter.php(457): CodeIgniter\CodeIgniter->runController(Object(App\Controllers\Home))
 9 SYSTEMPATH\CodeIgniter.php(340): CodeIgniter\CodeIgniter->handleRequest(null, Object(Config\Cache), false)
10 FCPATH\index.php(55): CodeIgniter\CodeIgniter->run()
CRITICAL - 2023-02-01 22:24:41 --> Undefined property: stdClass::$kolom11
in APPPATH\Views\data_nasional.php on line 95.
 1 APPPATH\Views\data_nasional.php(95): CodeIgniter\Debug\Exceptions->errorHandler(2, 'Undefined property: stdClass::$kolom11', 'APPPATH\\Views\\data_nasional.php', 95)
 2 APPPATH\Views\konten.php(29): include('APPPATH\\Views\\data_nasional.php')
 3 SYSTEMPATH\View\View.php(213): include('APPPATH\\Views\\konten.php')
 4 SYSTEMPATH\View\View.php(216): CodeIgniter\View\View->CodeIgniter\View\{closure}()
 5 SYSTEMPATH\Common.php(1142): CodeIgniter\View\View->render('konten', [], true)
 6 APPPATH\Controllers\Home.php(107): view('konten', [...])
 7 SYSTEMPATH\CodeIgniter.php(904): App\Controllers\Home->integrasi()
 8 SYSTEMPATH\CodeIgniter.php(457): CodeIgniter\CodeIgniter->runController(Object(App\Controllers\Home))
 9 SYSTEMPATH\CodeIgniter.php(340): CodeIgniter\CodeIgniter->handleRequest(null, Object(Config\Cache), false)
10 FCPATH\index.php(55): CodeIgniter\CodeIgniter->run()
CRITICAL - 2023-02-01 22:27:19 --> Undefined variable $kolom
in APPPATH\Views\data_nasional.php on line 95.
 1 APPPATH\Views\data_nasional.php(95): CodeIgniter\Debug\Exceptions->errorHandler(2, 'Undefined variable $kolom', 'APPPATH\\Views\\data_nasional.php', 95)
 2 APPPATH\Views\konten.php(29): include('APPPATH\\Views\\data_nasional.php')
 3 SYSTEMPATH\View\View.php(213): include('APPPATH\\Views\\konten.php')
 4 SYSTEMPATH\View\View.php(216): CodeIgniter\View\View->CodeIgniter\View\{closure}()
 5 SYSTEMPATH\Common.php(1142): CodeIgniter\View\View->render('konten', [], true)
 6 APPPATH\Controllers\Home.php(107): view('konten', [...])
 7 SYSTEMPATH\CodeIgniter.php(904): App\Controllers\Home->integrasi()
 8 SYSTEMPATH\CodeIgniter.php(457): CodeIgniter\CodeIgniter->runController(Object(App\Controllers\Home))
 9 SYSTEMPATH\CodeIgniter.php(340): CodeIgniter\CodeIgniter->handleRequest(null, Object(Config\Cache), false)
10 FCPATH\index.php(55): CodeIgniter\CodeIgniter->run()
ERROR - 2023-02-01 22:54:58 --> [Microsoft][ODBC Driver 17 for SQL Server][SQL Server]Could not find stored procedure 'PIP.dbo.getBOS_Wilayah'.
CRITICAL - 2023-02-01 22:54:58 --> [Microsoft][ODBC Driver 17 for SQL Server][SQL Server]Could not find stored procedure 'PIP.dbo.getBOS_Wilayah'.
in SYSTEMPATH\Database\SQLSRV\Connection.php on line 467.
 1 SYSTEMPATH\Database\BaseConnection.php(693): CodeIgniter\Database\SQLSRV\Connection->execute('EXEC PIP.dbo.getBOS_Wilayah 2020, \'000000\', 1')
 2 SYSTEMPATH\Database\BaseConnection.php(620): CodeIgniter\Database\BaseConnection->simpleQuery('EXEC PIP.dbo.getBOS_Wilayah 2020, \'000000\', 1')
 3 APPPATH\Models\DataModelProgram.php(31): CodeIgniter\Database\BaseConnection->query('EXEC PIP.dbo.getBOS_Wilayah :tahun:, :kode:, :level:', [...])
 4 APPPATH\Controllers\Home.php(88): App\Models\DataModelProgram->getWilayah('BOS', 2020, '000000', 1)
 5 SYSTEMPATH\CodeIgniter.php(904): App\Controllers\Home->integrasi()
 6 SYSTEMPATH\CodeIgniter.php(457): CodeIgniter\CodeIgniter->runController(Object(App\Controllers\Home))
 7 SYSTEMPATH\CodeIgniter.php(340): CodeIgniter\CodeIgniter->handleRequest(null, Object(Config\Cache), false)
 8 FCPATH\index.php(55): CodeIgniter\CodeIgniter->run()
